
> vibe-generated-app@1.0.0 dev
> vite


  VITE v5.4.20  ready in 214 ms

  ➜  Local:   http://localhost:3000/
  ➜  Network: http://172.20.45.25:3000/
10:11:33 PM [vite] Pre-transform error: Transform failed with 1 error:
/home/workspace/src/pages/StaticPages.jsx:217:9: ERROR: The symbol "Field" has already been declared
10:11:34 PM [vite] Internal server error: Transform failed with 1 error:
/home/workspace/src/pages/StaticPages.jsx:217:9: ERROR: The symbol "Field" has already been declared
  Plugin: vite:esbuild
  File: /home/workspace/src/pages/StaticPages.jsx:217:9
  
  The symbol "Field" has already been declared
  215|  }
  216|  
  217|  function Field({name,label,type='text', required}){
     |           ^
  218|    return (
  219|      <div>
  
      at failureErrorWithLog (/home/workspace/node_modules/esbuild/lib/main.js:1472:15)
      at /home/workspace/node_modules/esbuild/lib/main.js:755:50
      at responseCallbacks.<computed> (/home/workspace/node_modules/esbuild/lib/main.js:622:9)
      at handleIncomingPacket (/home/workspace/node_modules/esbuild/lib/main.js:677:12)
      at Socket.readFromStdout (/home/workspace/node_modules/esbuild/lib/main.js:600:7)
      at Socket.emit (node:events:508:28)
      at addChunk (node:internal/streams/readable:559:12)
      at readableAddChunkPushByteMode (node:internal/streams/readable:510:3)
      at Readable.push (node:internal/streams/readable:390:5)
      at Pipe.onStreamRead (node:internal/stream_base_commons:189:23)
10:12:22 PM [vite] Internal server error: Transform failed with 1 error:
/home/workspace/src/pages/StaticPages.jsx:217:9: ERROR: The symbol "Field" has already been declared
  Plugin: vite:esbuild
  File: /home/workspace/src/pages/StaticPages.jsx:217:9
  
  The symbol "Field" has already been declared
  215|  }
  216|  
  217|  function Field({name,label,type='text', required}){
     |           ^
  218|    return (
  219|      <div>
  
      at failureErrorWithLog (/home/workspace/node_modules/esbuild/lib/main.js:1472:15)
      at /home/workspace/node_modules/esbuild/lib/main.js:755:50
      at responseCallbacks.<computed> (/home/workspace/node_modules/esbuild/lib/main.js:622:9)
      at handleIncomingPacket (/home/workspace/node_modules/esbuild/lib/main.js:677:12)
      at Socket.readFromStdout (/home/workspace/node_modules/esbuild/lib/main.js:600:7)
      at Socket.emit (node:events:508:28)
      at addChunk (node:internal/streams/readable:559:12)
      at readableAddChunkPushByteMode (node:internal/streams/readable:510:3)
      at Readable.push (node:internal/streams/readable:390:5)
      at Pipe.onStreamRead (node:internal/stream_base_commons:189:23)

Could not open StaticPages.jsx in the editor.
The editor process exited with an error: spawn vi ENOENT ('vi' command does not exist in 'PATH').


Could not open StaticPages.jsx in the editor.
The editor process exited with an error: spawn vi ENOENT ('vi' command does not exist in 'PATH').

10:12:44 PM [vite] Internal server error: Transform failed with 1 error:
/home/workspace/src/pages/StaticPages.jsx:217:9: ERROR: The symbol "Field" has already been declared
  Plugin: vite:esbuild
  File: /home/workspace/src/pages/StaticPages.jsx:217:9
  
  The symbol "Field" has already been declared
  215|  }
  216|  
  217|  function Field({name,label,type='text', required}){
     |           ^
  218|    return (
  219|      <div>
  
      at failureErrorWithLog (/home/workspace/node_modules/esbuild/lib/main.js:1472:15)
      at /home/workspace/node_modules/esbuild/lib/main.js:755:50
      at responseCallbacks.<computed> (/home/workspace/node_modules/esbuild/lib/main.js:622:9)
      at handleIncomingPacket (/home/workspace/node_modules/esbuild/lib/main.js:677:12)
      at Socket.readFromStdout (/home/workspace/node_modules/esbuild/lib/main.js:600:7)
      at Socket.emit (node:events:508:28)
      at addChunk (node:internal/streams/readable:559:12)
      at readableAddChunkPushByteMode (node:internal/streams/readable:510:3)
      at Readable.push (node:internal/streams/readable:390:5)
      at Pipe.onStreamRead (node:internal/stream_base_commons:189:23)
10:12:45 PM [vite] Internal server error: Transform failed with 1 error:
/home/workspace/src/pages/StaticPages.jsx:217:9: ERROR: The symbol "Field" has already been declared
  Plugin: vite:esbuild
  File: /home/workspace/src/pages/StaticPages.jsx:217:9
  
  The symbol "Field" has already been declared
  215|  }
  216|  
  217|  function Field({name,label,type='text', required}){
     |           ^
  218|    return (
  219|      <div>
  
      at failureErrorWithLog (/home/workspace/node_modules/esbuild/lib/main.js:1472:15)
      at /home/workspace/node_modules/esbuild/lib/main.js:755:50
      at responseCallbacks.<computed> (/home/workspace/node_modules/esbuild/lib/main.js:622:9)
      at handleIncomingPacket (/home/workspace/node_modules/esbuild/lib/main.js:677:12)
      at Socket.readFromStdout (/home/workspace/node_modules/esbuild/lib/main.js:600:7)
      at Socket.emit (node:events:508:28)
      at addChunk (node:internal/streams/readable:559:12)
      at readableAddChunkPushByteMode (node:internal/streams/readable:510:3)
      at Readable.push (node:internal/streams/readable:390:5)
      at Pipe.onStreamRead (node:internal/stream_base_commons:189:23)
